<?xml version="1.0" encoding="UTF-8"?>
<testng-results ignored="0" total="1" passed="1" failed="0" skipped="0">
  <reporter-output>
  </reporter-output>
  <suite started-at="2022-08-15T17:34:49 IST" name="Surefire suite" finished-at="2022-08-15T17:34:49 IST" duration-ms="39">
    <groups>
    </groups>
    <test started-at="2022-08-15T17:34:49 IST" name="Surefire test" finished-at="2022-08-15T17:34:49 IST" duration-ms="39">
      <class name="org.usb.testing.AppTest">
        <test-method signature="shouldAnswerWithTrue()" started-at="2022-08-15T17:34:49 IST" name="shouldAnswerWithTrue" finished-at="2022-08-15T17:34:49 IST" duration-ms="12" status="PASS">
          <reporter-output>
          </reporter-output>
        </test-method> <!-- shouldAnswerWithTrue -->
      </class> <!-- org.usb.testing.AppTest -->
    </test> <!-- Surefire test -->
  </suite> <!-- Surefire suite -->
</testng-results>
