<?xml version="1.0" encoding="UTF-8"?>
<!-- Generated by org.testng.reporters.JUnitXMLReporter -->
<testsuite ignored="1" hostname="WKWIN7673407" failures="0" tests="2" name="Default test" time="2.24" errors="0" timestamp="2022-08-18T16:18:14 IST">
  <testcase classname="org.usb.testing.APITest" name="getAllUsers" time="0.838"/>
  <testcase classname="org.usb.testing.APITest" name="createUser" time="0.487"/>
  <testcase classname="org.usb.testing.APITest" name="getUserById" time="0.0">
    <ignored/>
  </testcase> <!-- getUserById -->
</testsuite> <!-- Default test -->
