<?xml version="1.0" encoding="UTF-8"?>
<!-- Generated by org.testng.reporters.JUnitXMLReporter -->
<testsuite ignored="1" hostname="WKWIN7673407" failures="0" tests="2" name="TestNG test" time="2.171" errors="0" timestamp="2022-08-18T19:27:08 IST">
  <testcase classname="org.usb.testing.APITest" name="createUser" time="1.511"/>
  <testcase classname="org.usb.testing.APITest" name="getAllUsers" time="1.71"/>
  <testcase classname="org.usb.testing.APITest" name="getUserById" time="0.0">
    <ignored/>
  </testcase> <!-- getUserById -->
</testsuite> <!-- TestNG test -->
