<?xml version="1.0" encoding="UTF-8"?>
<!-- Generated by org.testng.reporters.JUnitXMLReporter -->
<testsuite ignored="0" hostname="WKWIN7673407" failures="0" tests="3" name="Surefire test" time="2.742" errors="0" timestamp="2022-08-15T17:34:49 IST">
  <testcase classname="org.usb.testing.APITest" name="createUser" time="1.504"/>
  <testcase classname="org.usb.testing.APITest" name="getAllUsers" time="0.654"/>
  <testcase classname="org.usb.testing.APITest" name="getUserById" time="0.226"/>
</testsuite> <!-- Surefire test -->
