<?xml version="1.0" encoding="UTF-8"?>
<testng-results ignored="0" total="3" passed="3" failed="0" skipped="0">
  <reporter-output>
  </reporter-output>
  <suite started-at="2022-08-15T17:34:47 IST" name="Surefire suite" finished-at="2022-08-15T17:34:49 IST" duration-ms="2742">
    <groups>
    </groups>
    <test started-at="2022-08-15T17:34:47 IST" name="Surefire test" finished-at="2022-08-15T17:34:49 IST" duration-ms="2742">
      <class name="org.usb.testing.APITest">
        <test-method is-config="true" signature="setup()[pri:0, instance:org.usb.testing.APITest@45f45fa1]" started-at="2022-08-15T17:34:47 IST" name="setup" finished-at="2022-08-15T17:34:47 IST" duration-ms="324" status="PASS">
          <reporter-output>
          </reporter-output>
        </test-method> <!-- setup -->
        <test-method signature="createUser()[pri:0, instance:org.usb.testing.APITest@45f45fa1]" started-at="2022-08-15T17:34:47 IST" name="createUser" finished-at="2022-08-15T17:34:48 IST" duration-ms="1504" status="PASS">
          <reporter-output>
          </reporter-output>
        </test-method> <!-- createUser -->
        <test-method signature="getAllUsers()[pri:0, instance:org.usb.testing.APITest@45f45fa1]" started-at="2022-08-15T17:34:48 IST" name="getAllUsers" finished-at="2022-08-15T17:34:49 IST" duration-ms="654" status="PASS">
          <reporter-output>
          </reporter-output>
        </test-method> <!-- getAllUsers -->
        <test-method signature="getUserById()[pri:0, instance:org.usb.testing.APITest@45f45fa1]" started-at="2022-08-15T17:34:49 IST" name="getUserById" finished-at="2022-08-15T17:34:49 IST" duration-ms="226" status="PASS">
          <reporter-output>
          </reporter-output>
        </test-method> <!-- getUserById -->
      </class> <!-- org.usb.testing.APITest -->
    </test> <!-- Surefire test -->
  </suite> <!-- Surefire suite -->
</testng-results>
