<?xml version="1.0" encoding="UTF-8"?>
<testsuite xmlns:xsi="http://www.w3.org/2001/XMLSchema-instance" xsi:noNamespaceSchemaLocation="https://maven.apache.org/surefire/maven-surefire-plugin/xsd/surefire-test-report.xsd" name="TestSuite" time="3.226" tests="4" errors="0" skipped="0" failures="0">
  <properties>
[...]
</properties>
  <testcase name="createUser" classname="org.usb.testing.APITest" time="1.506"/>
  <testcase name="getAllUsers" classname="org.usb.testing.APITest" time="0.654"/>
  <testcase name="getUserById" classname="org.usb.testing.APITest" time="0.227"/>
  <testcase name="shouldAnswerWithTrue on shouldAnswerWithTrue(org.usb.testing.AppTest)" classname="org.usb.testing.AppTest" time="0.001"/>
</testsuite>