<?xml version="1.0" encoding="UTF-8"?>
<!-- Generated by org.testng.reporters.JUnitXMLReporter -->
<testsuite ignored="1" hostname="WKWIN7673407" failures="0" tests="2" name="TestNG test" time="1.893" errors="0" timestamp="2022-08-25T16:56:10 IST">
  <testcase classname="org.usb.testing.APITest" name="createUser" time="1.333"/>
  <testcase classname="org.usb.testing.APITest" name="getAllUsers" time="1.517"/>
  <testcase classname="org.usb.testing.APITest" name="getUserById" time="0.0">
    <ignored/>
  </testcase> <!-- getUserById -->
</testsuite> <!-- TestNG test -->
